Qua Mai  2 22:07:48 -03 2018 - Iniciando o script...


Ana Claudia
Ana Claudia Vasconcelos
Andre Gonçalves
Antonio       Silva
Carlos Augusto
Eliseu Padilha
Maria Antonieto Sousa
Paulo Freitas
Rafael dos Santos
Ricardo Prudenciato     
Silvia		 Oliveira
Qua Mai  2 22:07:48 -03 2018 - Fim do script...
Qua Mai  2 22:08:19 -03 2018 - Iniciando o script...


Ana Claudia
Ana Claudia Vasconcelos
Andre Gonçalves
Antonio       Silva
Carlos Augusto
Eliseu Padilha
Maria Antonieto Sousa
Paulo Freitas
Rafael dos Santos
Ricardo Prudenciato     
Silvia		 Oliveira
Qua Mai  2 22:08:19 -03 2018 - Fim do script...
Qua Mai  2 22:09:17 -03 2018 - Iniciando o script...


Ana Claudia
Ana Claudia Vasconcelos
Andre Gonçalves
Antonio       Silva
Carlos Augusto
Eliseu Padilha
Maria Antonieto Sousa
Paulo Freitas
Rafael dos Santos
Ricardo Prudenciato     
Silvia		 Oliveira
Qua Mai  2 22:09:17 -03 2018 - Fim do script...
Qua Mai  2 22:09:30 -03 2018 - Iniciando o script...


Ana Claudia
Ana Claudia Vasconcelos
Andre Gonçalves
Antonio       Silva
Carlos Augusto
Eliseu Padilha
Maria Antonieto Sousa
Paulo Freitas
Rafael dos Santos
Ricardo Prudenciato     
Silvia		 Oliveira
Qua Mai  2 22:09:30 -03 2018 - Fim do script...
Qua Mai  2 22:13:46 -03 2018 - Iniciando o script...
[3;J[H[2J======= Meu primeiro script =======

Exibir data e hora atual: 02/05/2018 22:13
==================================
Listagem dos alunos: 


Ana Claudia
Ana Claudia Vasconcelos
Andre Gonçalves
Antonio       Silva
Carlos Augusto
Eliseu Padilha
Maria Antonieto Sousa
Paulo Freitas
Rafael dos Santos
Ricardo Prudenciato     
Silvia		 Oliveira


Ana Claudia
Ana Claudia Vasconcelos
Andre Gonçalves
Antonio       Silva
Carlos Augusto
Eliseu Padilha
Maria Antonieto Sousa
Paulo Freitas
Rafael dos Santos
Ricardo Prudenciato     
Silvia		 Oliveira
==================================

Qua Mai  2 22:13:46 -03 2018 - Fim do script...
